{"/Users/linhthusinh/Desktop/SideProject/lambda-project/src/db/config.ts": {"path":"/Users/linhthusinh/Desktop/SideProject/lambda-project/src/db/config.ts","statementMap":{"0":{"start":{"line":1,"column":0},"end":{"line":1,"column":161}},"1":{"start":{"line":3,"column":0},"end":{"line":3,"column":61}},"2":{"start":{"line":8,"column":33},"end":{"line":10,"column":null}},"3":{"start":{"line":8,"column":44},"end":{"line":10,"column":null}},"4":{"start":{"line":9,"column":6},"end":{"line":9,"column":62}},"5":{"start":{"line":8,"column":13},"end":{"line":8,"column":33}},"6":{"start":{"line":12,"column":30},"end":{"line":17,"column":null}},"7":{"start":{"line":12,"column":41},"end":{"line":17,"column":null}},"8":{"start":{"line":13,"column":6},"end":{"line":15,"column":7}},"9":{"start":{"line":14,"column":12},"end":{"line":14,"column":49}},"10":{"start":{"line":16,"column":6},"end":{"line":16,"column":22}},"11":{"start":{"line":19,"column":31},"end":{"line":28,"column":null}},"12":{"start":{"line":19,"column":42},"end":{"line":28,"column":null}},"13":{"start":{"line":20,"column":6},"end":{"line":27,"column":26}},"14":{"start":{"line":21,"column":41},"end":{"line":26,"column":null}},"15":{"start":{"line":22,"column":18},"end":{"line":22,"column":82}},"16":{"start":{"line":23,"column":18},"end":{"line":25,"column":20}},"17":{"start":{"line":31,"column":35},"end":{"line":37,"column":null}},"18":{"start":{"line":31,"column":46},"end":{"line":37,"column":null}},"19":{"start":{"line":32,"column":6},"end":{"line":36,"column":7}},"20":{"start":{"line":33,"column":12},"end":{"line":33,"column":50}},"21":{"start":{"line":35,"column":12},"end":{"line":35,"column":49}},"22":{"start":{"line":31,"column":13},"end":{"line":31,"column":35}}},"fnMap":{"0":{"name":"(anonymous_7)","decl":{"start":{"line":8,"column":33},"end":{"line":8,"column":42}},"loc":{"start":{"line":8,"column":44},"end":{"line":10,"column":null}}},"1":{"name":"(anonymous_8)","decl":{"start":{"line":8,"column":44},"end":{"line":8,"column":null}},"loc":{"start":{"line":8,"column":44},"end":{"line":10,"column":1}}},"2":{"name":"(anonymous_9)","decl":{"start":{"line":12,"column":30},"end":{"line":12,"column":39}},"loc":{"start":{"line":12,"column":41},"end":{"line":17,"column":null}}},"3":{"name":"(anonymous_10)","decl":{"start":{"line":12,"column":41},"end":{"line":12,"column":null}},"loc":{"start":{"line":12,"column":41},"end":{"line":17,"column":1}}},"4":{"name":"(anonymous_11)","decl":{"start":{"line":19,"column":31},"end":{"line":19,"column":40}},"loc":{"start":{"line":19,"column":42},"end":{"line":28,"column":null}}},"5":{"name":"(anonymous_12)","decl":{"start":{"line":19,"column":42},"end":{"line":19,"column":null}},"loc":{"start":{"line":19,"column":42},"end":{"line":28,"column":1}}},"6":{"name":"(anonymous_13)","decl":{"start":{"line":21,"column":18},"end":{"line":21,"column":25}},"loc":{"start":{"line":21,"column":41},"end":{"line":26,"column":null}}},"7":{"name":"(anonymous_14)","decl":{"start":{"line":21,"column":41},"end":{"line":21,"column":null}},"loc":{"start":{"line":21,"column":41},"end":{"line":26,"column":13}}},"8":{"name":"(anonymous_15)","decl":{"start":{"line":31,"column":35},"end":{"line":31,"column":44}},"loc":{"start":{"line":31,"column":46},"end":{"line":37,"column":null}}},"9":{"name":"(anonymous_16)","decl":{"start":{"line":31,"column":46},"end":{"line":31,"column":null}},"loc":{"start":{"line":31,"column":46},"end":{"line":37,"column":1}}}},"branchMap":{"0":{"loc":{"start":{"line":13,"column":6},"end":{"line":15,"column":7}},"type":"if","locations":[{"start":{"line":13,"column":6},"end":{"line":15,"column":7}}]},"1":{"loc":{"start":{"line":32,"column":6},"end":{"line":36,"column":7}},"type":"if","locations":[{"start":{"line":32,"column":6},"end":{"line":36,"column":7}},{"start":{"line":34,"column":13},"end":{"line":36,"column":7}}]}},"s":{"0":1,"1":1,"2":1,"3":0,"4":0,"5":1,"6":1,"7":0,"8":0,"9":0,"10":0,"11":1,"12":0,"13":0,"14":0,"15":0,"16":0,"17":1,"18":0,"19":0,"20":0,"21":0,"22":1},"f":{"0":0,"1":0,"2":0,"3":0,"4":0,"5":0,"6":0,"7":0,"8":0,"9":0},"b":{"0":[0],"1":[0,0]}}
,"/Users/linhthusinh/Desktop/SideProject/lambda-project/src/db/mocks/get-user-data-mock.ts": {"path":"/Users/linhthusinh/Desktop/SideProject/lambda-project/src/db/mocks/get-user-data-mock.ts","statementMap":{"0":{"start":{"line":1,"column":13},"end":{"line":12,"column":null}}},"fnMap":{},"branchMap":{},"s":{"0":1},"f":{},"b":{}}
,"/Users/linhthusinh/Desktop/SideProject/lambda-project/src/lambda/create-preurl-s3-update-status-uploading-lambda/index.ts": {"path":"/Users/linhthusinh/Desktop/SideProject/lambda-project/src/lambda/create-preurl-s3-update-status-uploading-lambda/index.ts","statementMap":{"0":{"start":{"line":1,"column":0},"end":{"line":1,"column":54}},"1":{"start":{"line":2,"column":0},"end":{"line":2,"column":null}},"2":{"start":{"line":5,"column":0},"end":{"line":5,"column":null}},"3":{"start":{"line":9,"column":0},"end":{"line":9,"column":64}},"4":{"start":{"line":11,"column":23},"end":{"line":91,"column":2}},"5":{"start":{"line":11,"column":44},"end":{"line":91,"column":2}},"6":{"start":{"line":12,"column":2},"end":{"line":90,"column":3}},"7":{"start":{"line":13,"column":4},"end":{"line":26,"column":5}},"8":{"start":{"line":14,"column":6},"end":{"line":14,"column":42}},"9":{"start":{"line":15,"column":6},"end":{"line":18,"column":8}},"10":{"start":{"line":19,"column":11},"end":{"line":26,"column":5}},"11":{"start":{"line":20,"column":6},"end":{"line":20,"column":35}},"12":{"start":{"line":24,"column":6},"end":{"line":24,"column":60}},"13":{"start":{"line":28,"column":4},"end":{"line":28,"column":37}},"14":{"start":{"line":30,"column":24},"end":{"line":30,"column":61}},"15":{"start":{"line":31,"column":4},"end":{"line":31,"column":46}},"16":{"start":{"line":32,"column":28},"end":{"line":32,"column":70}},"17":{"start":{"line":33,"column":4},"end":{"line":33,"column":54}},"18":{"start":{"line":36,"column":21},"end":{"line":36,"column":46}},"19":{"start":{"line":38,"column":21},"end":{"line":38,"column":48}},"20":{"start":{"line":40,"column":4},"end":{"line":40,"column":48}},"21":{"start":{"line":43,"column":25},"end":{"line":52,"column":5}},"22":{"start":{"line":44,"column":6},"end":{"line":51,"column":8}},"23":{"start":{"line":47,"column":20},"end":{"line":47,"column":44}},"24":{"start":{"line":48,"column":20},"end":{"line":48,"column":51}},"25":{"start":{"line":49,"column":10},"end":{"line":49,"column":32}},"26":{"start":{"line":54,"column":21},"end":{"line":54,"column":35}},"27":{"start":{"line":56,"column":4},"end":{"line":56,"column":42}},"28":{"start":{"line":59,"column":4},"end":{"line":64,"column":6}},"29":{"start":{"line":67,"column":36},"end":{"line":67,"column":62}},"30":{"start":{"line":69,"column":4},"end":{"line":69,"column":47}},"31":{"start":{"line":72,"column":24},"end":{"line":72,"column":28}},"32":{"start":{"line":75,"column":17},"end":{"line":80,"column":null}},"33":{"start":{"line":83,"column":4},"end":{"line":83,"column":16}},"34":{"start":{"line":85,"column":4},"end":{"line":85,"column":38}},"35":{"start":{"line":86,"column":4},"end":{"line":89,"column":6}},"36":{"start":{"line":11,"column":13},"end":{"line":11,"column":23}}},"fnMap":{"0":{"name":"(anonymous_7)","decl":{"start":{"line":11,"column":23},"end":{"line":11,"column":30}},"loc":{"start":{"line":11,"column":44},"end":{"line":91,"column":2}}},"1":{"name":"(anonymous_8)","decl":{"start":{"line":11,"column":44},"end":{"line":11,"column":null}},"loc":{"start":{"line":11,"column":44},"end":{"line":91,"column":1}}},"2":{"name":"(anonymous_9)","decl":{"start":{"line":43,"column":25},"end":{"line":43,"column":28}},"loc":{"start":{"line":43,"column":30},"end":{"line":52,"column":5}}},"3":{"name":"(anonymous_10)","decl":{"start":{"line":46,"column":8},"end":{"line":46,"column":18}},"loc":{"start":{"line":46,"column":19},"end":{"line":50,"column":9}}}},"branchMap":{"0":{"loc":{"start":{"line":13,"column":4},"end":{"line":26,"column":5}},"type":"if","locations":[{"start":{"line":13,"column":4},"end":{"line":26,"column":5}},{"start":{"line":19,"column":11},"end":{"line":26,"column":5}}]},"1":{"loc":{"start":{"line":13,"column":8},"end":{"line":13,"column":18}},"type":"cond-expr","locations":[{"start":{"line":13,"column":13},"end":{"line":13,"column":15}},{"start":{"line":13,"column":8},"end":{"line":13,"column":18}}]},"2":{"loc":{"start":{"line":13,"column":8},"end":{"line":13,"column":15}},"type":"binary-expr","locations":[{"start":{"line":13,"column":8},"end":{"line":13,"column":15}},{"start":{"line":13,"column":8},"end":{"line":13,"column":15}}]},"3":{"loc":{"start":{"line":19,"column":11},"end":{"line":26,"column":5}},"type":"if","locations":[{"start":{"line":19,"column":11},"end":{"line":26,"column":5}},{"start":{"line":23,"column":11},"end":{"line":26,"column":5}}]},"4":{"loc":{"start":{"line":19,"column":15},"end":{"line":19,"column":25}},"type":"cond-expr","locations":[{"start":{"line":19,"column":20},"end":{"line":19,"column":22}},{"start":{"line":19,"column":15},"end":{"line":19,"column":25}}]},"5":{"loc":{"start":{"line":19,"column":15},"end":{"line":19,"column":22}},"type":"binary-expr","locations":[{"start":{"line":19,"column":15},"end":{"line":19,"column":22}},{"start":{"line":19,"column":15},"end":{"line":19,"column":22}}]},"6":{"loc":{"start":{"line":48,"column":20},"end":{"line":48,"column":51}},"type":"cond-expr","locations":[{"start":{"line":48,"column":32},"end":{"line":48,"column":33}},{"start":{"line":48,"column":36},"end":{"line":48,"column":51}}]}},"s":{"0":1,"1":1,"2":1,"3":1,"4":1,"5":4,"6":4,"7":4,"8":1,"9":1,"10":3,"11":1,"12":2,"13":3,"14":3,"15":1,"16":1,"17":1,"18":1,"19":1,"20":1,"21":1,"22":1,"23":31,"24":31,"25":31,"26":1,"27":1,"28":1,"29":1,"30":1,"31":1,"32":1,"33":1,"34":2,"35":2,"36":1},"f":{"0":4,"1":4,"2":1,"3":31},"b":{"0":[1,3],"1":[0,4],"2":[4,4],"3":[1,2],"4":[0,3],"5":[3,3],"6":[30,1]}}
,"/Users/linhthusinh/Desktop/SideProject/lambda-project/src/lambda/create-update-detele-search-dynamo-sqs-s3/connectAndUpdateDynamoDb.ts": {"path":"/Users/linhthusinh/Desktop/SideProject/lambda-project/src/lambda/create-update-detele-search-dynamo-sqs-s3/connectAndUpdateDynamoDb.ts","statementMap":{"0":{"start":{"line":1,"column":0},"end":{"line":1,"column":161}},"1":{"start":{"line":4,"column":33},"end":{"line":6,"column":null}},"2":{"start":{"line":4,"column":44},"end":{"line":6,"column":null}},"3":{"start":{"line":5,"column":6},"end":{"line":5,"column":62}},"4":{"start":{"line":4,"column":13},"end":{"line":4,"column":33}},"5":{"start":{"line":9,"column":31},"end":{"line":19,"column":null}},"6":{"start":{"line":9,"column":77},"end":{"line":19,"column":null}},"7":{"start":{"line":10,"column":6},"end":{"line":18,"column":7}},"8":{"start":{"line":11,"column":38},"end":{"line":11,"column":63}},"9":{"start":{"line":12,"column":27},"end":{"line":12,"column":71}},"10":{"start":{"line":13,"column":12},"end":{"line":13,"column":null}},"11":{"start":{"line":14,"column":12},"end":{"line":14,"column":57}},"12":{"start":{"line":16,"column":12},"end":{"line":16,"column":68}},"13":{"start":{"line":17,"column":12},"end":{"line":17,"column":24}},"14":{"start":{"line":9,"column":13},"end":{"line":9,"column":31}},"15":{"start":{"line":22,"column":35},"end":{"line":40,"column":2}},"16":{"start":{"line":22,"column":90},"end":{"line":40,"column":2}},"17":{"start":{"line":23,"column":6},"end":{"line":39,"column":7}},"18":{"start":{"line":24,"column":28},"end":{"line":33,"column":14}},"19":{"start":{"line":34,"column":25},"end":{"line":34,"column":59}},"20":{"start":{"line":35,"column":12},"end":{"line":35,"column":30}},"21":{"start":{"line":37,"column":12},"end":{"line":37,"column":70}},"22":{"start":{"line":38,"column":12},"end":{"line":38,"column":24}},"23":{"start":{"line":22,"column":13},"end":{"line":22,"column":35}},"24":{"start":{"line":43,"column":37},"end":{"line":67,"column":null}},"25":{"start":{"line":43,"column":86},"end":{"line":67,"column":null}},"26":{"start":{"line":44,"column":21},"end":{"line":56,"column":15}},"27":{"start":{"line":58,"column":6},"end":{"line":66,"column":7}},"28":{"start":{"line":59,"column":12},"end":{"line":59,"column":73}},"29":{"start":{"line":60,"column":12},"end":{"line":60,"column":58}},"30":{"start":{"line":62,"column":12},"end":{"line":62,"column":null}},"31":{"start":{"line":63,"column":12},"end":{"line":65,"column":13}},"32":{"start":{"line":64,"column":18},"end":{"line":64,"column":28}},"33":{"start":{"line":43,"column":13},"end":{"line":43,"column":37}},"34":{"start":{"line":70,"column":37},"end":{"line":97,"column":2}},"35":{"start":{"line":70,"column":111},"end":{"line":97,"column":2}},"36":{"start":{"line":71,"column":6},"end":{"line":71,"column":42}},"37":{"start":{"line":72,"column":6},"end":{"line":72,"column":40}},"38":{"start":{"line":73,"column":6},"end":{"line":73,"column":null}},"39":{"start":{"line":75,"column":6},"end":{"line":96,"column":7}},"40":{"start":{"line":76,"column":27},"end":{"line":88,"column":14}},"41":{"start":{"line":90,"column":34},"end":{"line":90,"column":63}},"42":{"start":{"line":91,"column":12},"end":{"line":91,"column":53}},"43":{"start":{"line":92,"column":12},"end":{"line":92,"column":54}},"44":{"start":{"line":94,"column":12},"end":{"line":94,"column":58}},"45":{"start":{"line":95,"column":12},"end":{"line":95,"column":24}},"46":{"start":{"line":70,"column":13},"end":{"line":70,"column":37}},"47":{"start":{"line":101,"column":46},"end":{"line":163,"column":null}},"48":{"start":{"line":101,"column":120},"end":{"line":163,"column":null}},"49":{"start":{"line":102,"column":6},"end":{"line":162,"column":7}},"50":{"start":{"line":103,"column":35},"end":{"line":108,"column":14}},"51":{"start":{"line":111,"column":36},"end":{"line":111,"column":77}},"52":{"start":{"line":113,"column":12},"end":{"line":158,"column":13}},"53":{"start":{"line":115,"column":39},"end":{"line":137,"column":20}},"54":{"start":{"line":139,"column":40},"end":{"line":139,"column":75}},"55":{"start":{"line":140,"column":18},"end":{"line":140,"column":59}},"56":{"start":{"line":142,"column":36},"end":{"line":154,"column":20}},"57":{"start":{"line":148,"column":36},"end":{"line":150,"column":63}},"58":{"start":{"line":151,"column":36},"end":{"line":151,"column":47}},"59":{"start":{"line":156,"column":37},"end":{"line":156,"column":66}},"60":{"start":{"line":157,"column":18},"end":{"line":157,"column":56}},"61":{"start":{"line":160,"column":12},"end":{"line":160,"column":64}},"62":{"start":{"line":161,"column":12},"end":{"line":161,"column":30}},"63":{"start":{"line":101,"column":13},"end":{"line":101,"column":46}},"64":{"start":{"line":166,"column":53},"end":{"line":187,"column":null}},"65":{"start":{"line":166,"column":112},"end":{"line":187,"column":null}},"66":{"start":{"line":167,"column":6},"end":{"line":186,"column":7}},"67":{"start":{"line":168,"column":32},"end":{"line":177,"column":14}},"68":{"start":{"line":180,"column":33},"end":{"line":180,"column":71}},"69":{"start":{"line":181,"column":12},"end":{"line":181,"column":null}},"70":{"start":{"line":184,"column":12},"end":{"line":184,"column":85}},"71":{"start":{"line":185,"column":12},"end":{"line":185,"column":24}},"72":{"start":{"line":166,"column":13},"end":{"line":166,"column":53}},"73":{"start":{"line":190,"column":49},"end":{"line":224,"column":null}},"74":{"start":{"line":190,"column":111},"end":{"line":224,"column":null}},"75":{"start":{"line":191,"column":6},"end":{"line":223,"column":7}},"76":{"start":{"line":192,"column":32},"end":{"line":192,"column":74}},"77":{"start":{"line":193,"column":31},"end":{"line":193,"column":69}},"78":{"start":{"line":194,"column":26},"end":{"line":194,"column":42}},"79":{"start":{"line":195,"column":12},"end":{"line":198,"column":13}},"80":{"start":{"line":196,"column":18},"end":{"line":196,"column":62}},"81":{"start":{"line":197,"column":18},"end":{"line":197,"column":25}},"82":{"start":{"line":200,"column":12},"end":{"line":218,"column":13}},"83":{"start":{"line":201,"column":37},"end":{"line":201,"column":44}},"84":{"start":{"line":203,"column":18},"end":{"line":206,"column":19}},"85":{"start":{"line":204,"column":24},"end":{"line":204,"column":73}},"86":{"start":{"line":205,"column":24},"end":{"line":205,"column":33}},"87":{"start":{"line":208,"column":40},"end":{"line":215,"column":20}},"88":{"start":{"line":217,"column":18},"end":{"line":217,"column":59}},"89":{"start":{"line":219,"column":12},"end":{"line":219,"column":19}},"90":{"start":{"line":221,"column":12},"end":{"line":221,"column":72}},"91":{"start":{"line":222,"column":12},"end":{"line":222,"column":24}},"92":{"start":{"line":190,"column":13},"end":{"line":190,"column":49}},"93":{"start":{"line":227,"column":48},"end":{"line":262,"column":null}},"94":{"start":{"line":227,"column":94},"end":{"line":262,"column":null}},"95":{"start":{"line":228,"column":6},"end":{"line":261,"column":7}},"96":{"start":{"line":229,"column":12},"end":{"line":229,"column":41}},"97":{"start":{"line":231,"column":32},"end":{"line":231,"column":73}},"98":{"start":{"line":232,"column":31},"end":{"line":232,"column":69}},"99":{"start":{"line":233,"column":26},"end":{"line":233,"column":42}},"100":{"start":{"line":234,"column":12},"end":{"line":237,"column":13}},"101":{"start":{"line":235,"column":18},"end":{"line":235,"column":62}},"102":{"start":{"line":236,"column":18},"end":{"line":236,"column":25}},"103":{"start":{"line":239,"column":12},"end":{"line":255,"column":13}},"104":{"start":{"line":240,"column":37},"end":{"line":240,"column":44}},"105":{"start":{"line":241,"column":18},"end":{"line":244,"column":19}},"106":{"start":{"line":242,"column":24},"end":{"line":242,"column":73}},"107":{"start":{"line":243,"column":24},"end":{"line":243,"column":33}},"108":{"start":{"line":245,"column":40},"end":{"line":252,"column":20}},"109":{"start":{"line":254,"column":18},"end":{"line":254,"column":59}},"110":{"start":{"line":257,"column":12},"end":{"line":257,"column":19}},"111":{"start":{"line":259,"column":12},"end":{"line":259,"column":58}},"112":{"start":{"line":260,"column":12},"end":{"line":260,"column":25}},"113":{"start":{"line":227,"column":13},"end":{"line":227,"column":48}},"114":{"start":{"line":265,"column":47},"end":{"line":303,"column":null}},"115":{"start":{"line":265,"column":94},"end":{"line":303,"column":null}},"116":{"start":{"line":266,"column":6},"end":{"line":302,"column":7}},"117":{"start":{"line":267,"column":12},"end":{"line":267,"column":41}},"118":{"start":{"line":268,"column":32},"end":{"line":268,"column":74}},"119":{"start":{"line":269,"column":12},"end":{"line":269,"column":52}},"120":{"start":{"line":270,"column":31},"end":{"line":270,"column":69}},"121":{"start":{"line":271,"column":12},"end":{"line":271,"column":50}},"122":{"start":{"line":272,"column":26},"end":{"line":272,"column":42}},"123":{"start":{"line":273,"column":12},"end":{"line":276,"column":13}},"124":{"start":{"line":274,"column":18},"end":{"line":274,"column":62}},"125":{"start":{"line":275,"column":18},"end":{"line":275,"column":25}},"126":{"start":{"line":278,"column":12},"end":{"line":297,"column":13}},"127":{"start":{"line":279,"column":37},"end":{"line":279,"column":44}},"128":{"start":{"line":280,"column":18},"end":{"line":283,"column":19}},"129":{"start":{"line":281,"column":24},"end":{"line":281,"column":71}},"130":{"start":{"line":282,"column":24},"end":{"line":282,"column":33}},"131":{"start":{"line":285,"column":40},"end":{"line":292,"column":20}},"132":{"start":{"line":294,"column":18},"end":{"line":294,"column":62}},"133":{"start":{"line":295,"column":33},"end":{"line":295,"column":73}},"134":{"start":{"line":296,"column":18},"end":{"line":296,"column":48}},"135":{"start":{"line":298,"column":12},"end":{"line":298,"column":19}},"136":{"start":{"line":300,"column":12},"end":{"line":300,"column":68}},"137":{"start":{"line":301,"column":12},"end":{"line":301,"column":24}},"138":{"start":{"line":265,"column":13},"end":{"line":265,"column":47}}},"fnMap":{"0":{"name":"(anonymous_7)","decl":{"start":{"line":4,"column":33},"end":{"line":4,"column":42}},"loc":{"start":{"line":4,"column":44},"end":{"line":6,"column":null}}},"1":{"name":"(anonymous_8)","decl":{"start":{"line":4,"column":44},"end":{"line":4,"column":null}},"loc":{"start":{"line":4,"column":44},"end":{"line":6,"column":1}}},"2":{"name":"(anonymous_9)","decl":{"start":{"line":9,"column":31},"end":{"line":9,"column":38}},"loc":{"start":{"line":9,"column":77},"end":{"line":19,"column":null}}},"3":{"name":"(anonymous_10)","decl":{"start":{"line":9,"column":77},"end":{"line":9,"column":null}},"loc":{"start":{"line":9,"column":77},"end":{"line":19,"column":1}}},"4":{"name":"(anonymous_11)","decl":{"start":{"line":22,"column":35},"end":{"line":22,"column":42}},"loc":{"start":{"line":22,"column":90},"end":{"line":40,"column":2}}},"5":{"name":"(anonymous_12)","decl":{"start":{"line":22,"column":90},"end":{"line":22,"column":null}},"loc":{"start":{"line":22,"column":90},"end":{"line":40,"column":1}}},"6":{"name":"(anonymous_13)","decl":{"start":{"line":43,"column":37},"end":{"line":43,"column":44}},"loc":{"start":{"line":43,"column":86},"end":{"line":67,"column":null}}},"7":{"name":"(anonymous_14)","decl":{"start":{"line":43,"column":86},"end":{"line":43,"column":null}},"loc":{"start":{"line":43,"column":86},"end":{"line":67,"column":1}}},"8":{"name":"(anonymous_15)","decl":{"start":{"line":70,"column":37},"end":{"line":70,"column":44}},"loc":{"start":{"line":70,"column":111},"end":{"line":97,"column":2}}},"9":{"name":"(anonymous_16)","decl":{"start":{"line":70,"column":111},"end":{"line":70,"column":null}},"loc":{"start":{"line":70,"column":111},"end":{"line":97,"column":1}}},"10":{"name":"(anonymous_17)","decl":{"start":{"line":101,"column":46},"end":{"line":101,"column":53}},"loc":{"start":{"line":101,"column":120},"end":{"line":163,"column":null}}},"11":{"name":"(anonymous_18)","decl":{"start":{"line":101,"column":120},"end":{"line":101,"column":null}},"loc":{"start":{"line":101,"column":120},"end":{"line":163,"column":1}}},"12":{"name":"(anonymous_19)","decl":{"start":{"line":147,"column":65},"end":{"line":147,"column":66}},"loc":{"start":{"line":147,"column":92},"end":{"line":152,"column":31}}},"13":{"name":"(anonymous_20)","decl":{"start":{"line":166,"column":53},"end":{"line":166,"column":60}},"loc":{"start":{"line":166,"column":112},"end":{"line":187,"column":null}}},"14":{"name":"(anonymous_21)","decl":{"start":{"line":166,"column":112},"end":{"line":166,"column":null}},"loc":{"start":{"line":166,"column":112},"end":{"line":187,"column":1}}},"15":{"name":"(anonymous_22)","decl":{"start":{"line":190,"column":49},"end":{"line":190,"column":56}},"loc":{"start":{"line":190,"column":111},"end":{"line":224,"column":null}}},"16":{"name":"(anonymous_23)","decl":{"start":{"line":190,"column":111},"end":{"line":190,"column":null}},"loc":{"start":{"line":190,"column":111},"end":{"line":224,"column":1}}},"17":{"name":"(anonymous_24)","decl":{"start":{"line":227,"column":48},"end":{"line":227,"column":55}},"loc":{"start":{"line":227,"column":94},"end":{"line":262,"column":null}}},"18":{"name":"(anonymous_25)","decl":{"start":{"line":227,"column":94},"end":{"line":227,"column":null}},"loc":{"start":{"line":227,"column":94},"end":{"line":262,"column":1}}},"19":{"name":"(anonymous_26)","decl":{"start":{"line":265,"column":47},"end":{"line":265,"column":54}},"loc":{"start":{"line":265,"column":94},"end":{"line":303,"column":null}}},"20":{"name":"(anonymous_27)","decl":{"start":{"line":265,"column":94},"end":{"line":265,"column":null}},"loc":{"start":{"line":265,"column":94},"end":{"line":303,"column":1}}}},"branchMap":{"0":{"loc":{"start":{"line":63,"column":12},"end":{"line":65,"column":13}},"type":"if","locations":[{"start":{"line":63,"column":12},"end":{"line":65,"column":13}}]},"1":{"loc":{"start":{"line":113,"column":12},"end":{"line":158,"column":13}},"type":"if","locations":[{"start":{"line":113,"column":12},"end":{"line":158,"column":13}},{"start":{"line":141,"column":19},"end":{"line":158,"column":13}}]},"2":{"loc":{"start":{"line":131,"column":43},"end":{"line":131,"column":104}},"type":"cond-expr","locations":[{"start":{"line":131,"column":71},"end":{"line":131,"column":98}},{"start":{"line":131,"column":101},"end":{"line":131,"column":104}}]},"3":{"loc":{"start":{"line":134,"column":46},"end":{"line":134,"column":113}},"type":"cond-expr","locations":[{"start":{"line":134,"column":77},"end":{"line":134,"column":107}},{"start":{"line":134,"column":110},"end":{"line":134,"column":113}}]},"4":{"loc":{"start":{"line":148,"column":47},"end":{"line":150,"column":62}},"type":"cond-expr","locations":[{"start":{"line":149,"column":44},"end":{"line":149,"column":67}},{"start":{"line":150,"column":44},"end":{"line":150,"column":62}}]},"5":{"loc":{"start":{"line":150,"column":49},"end":{"line":150,"column":60}},"type":"binary-expr","locations":[{"start":{"line":150,"column":49},"end":{"line":150,"column":54}},{"start":{"line":150,"column":58},"end":{"line":150,"column":60}}]},"6":{"loc":{"start":{"line":195,"column":12},"end":{"line":198,"column":13}},"type":"if","locations":[{"start":{"line":195,"column":12},"end":{"line":198,"column":13}}]},"7":{"loc":{"start":{"line":195,"column":16},"end":{"line":195,"column":44}},"type":"binary-expr","locations":[{"start":{"line":195,"column":16},"end":{"line":195,"column":22}},{"start":{"line":195,"column":26},"end":{"line":195,"column":44}}]},"8":{"loc":{"start":{"line":203,"column":18},"end":{"line":206,"column":19}},"type":"if","locations":[{"start":{"line":203,"column":18},"end":{"line":206,"column":19}}]},"9":{"loc":{"start":{"line":234,"column":12},"end":{"line":237,"column":13}},"type":"if","locations":[{"start":{"line":234,"column":12},"end":{"line":237,"column":13}}]},"10":{"loc":{"start":{"line":234,"column":16},"end":{"line":234,"column":44}},"type":"binary-expr","locations":[{"start":{"line":234,"column":16},"end":{"line":234,"column":22}},{"start":{"line":234,"column":26},"end":{"line":234,"column":44}}]},"11":{"loc":{"start":{"line":241,"column":18},"end":{"line":244,"column":19}},"type":"if","locations":[{"start":{"line":241,"column":18},"end":{"line":244,"column":19}}]},"12":{"loc":{"start":{"line":273,"column":12},"end":{"line":276,"column":13}},"type":"if","locations":[{"start":{"line":273,"column":12},"end":{"line":276,"column":13}}]},"13":{"loc":{"start":{"line":273,"column":16},"end":{"line":273,"column":44}},"type":"binary-expr","locations":[{"start":{"line":273,"column":16},"end":{"line":273,"column":22}},{"start":{"line":273,"column":26},"end":{"line":273,"column":44}}]},"14":{"loc":{"start":{"line":280,"column":18},"end":{"line":283,"column":19}},"type":"if","locations":[{"start":{"line":280,"column":18},"end":{"line":283,"column":19}}]}},"s":{"0":1,"1":1,"2":0,"3":0,"4":1,"5":1,"6":0,"7":0,"8":0,"9":0,"10":0,"11":0,"12":0,"13":0,"14":1,"15":1,"16":0,"17":0,"18":0,"19":0,"20":0,"21":0,"22":0,"23":1,"24":1,"25":0,"26":0,"27":0,"28":0,"29":0,"30":0,"31":0,"32":0,"33":1,"34":1,"35":0,"36":0,"37":0,"38":0,"39":0,"40":0,"41":0,"42":0,"43":0,"44":0,"45":0,"46":1,"47":1,"48":0,"49":0,"50":0,"51":0,"52":0,"53":0,"54":0,"55":0,"56":0,"57":0,"58":0,"59":0,"60":0,"61":0,"62":0,"63":1,"64":1,"65":0,"66":0,"67":0,"68":0,"69":0,"70":0,"71":0,"72":1,"73":1,"74":0,"75":0,"76":0,"77":0,"78":0,"79":0,"80":0,"81":0,"82":0,"83":0,"84":0,"85":0,"86":0,"87":0,"88":0,"89":0,"90":0,"91":0,"92":1,"93":1,"94":0,"95":0,"96":0,"97":0,"98":0,"99":0,"100":0,"101":0,"102":0,"103":0,"104":0,"105":0,"106":0,"107":0,"108":0,"109":0,"110":0,"111":0,"112":0,"113":1,"114":1,"115":0,"116":0,"117":0,"118":0,"119":0,"120":0,"121":0,"122":0,"123":0,"124":0,"125":0,"126":0,"127":0,"128":0,"129":0,"130":0,"131":0,"132":0,"133":0,"134":0,"135":0,"136":0,"137":0,"138":1},"f":{"0":0,"1":0,"2":0,"3":0,"4":0,"5":0,"6":0,"7":0,"8":0,"9":0,"10":0,"11":0,"12":0,"13":0,"14":0,"15":0,"16":0,"17":0,"18":0,"19":0,"20":0},"b":{"0":[0],"1":[0,0],"2":[0,0],"3":[0,0],"4":[0,0],"5":[0,0],"6":[0],"7":[0,0],"8":[0],"9":[0],"10":[0,0],"11":[0],"12":[0],"13":[0,0],"14":[0]}}
,"/Users/linhthusinh/Desktop/SideProject/lambda-project/src/lambda/create-update-detele-search-dynamo-sqs-s3/connectAndUpdateS3.ts": {"path":"/Users/linhthusinh/Desktop/SideProject/lambda-project/src/lambda/create-update-detele-search-dynamo-sqs-s3/connectAndUpdateS3.ts","statementMap":{"0":{"start":{"line":1,"column":0},"end":{"line":1,"column":122}},"1":{"start":{"line":2,"column":0},"end":{"line":2,"column":61}},"2":{"start":{"line":3,"column":0},"end":{"line":3,"column":50}},"3":{"start":{"line":6,"column":33},"end":{"line":8,"column":null}},"4":{"start":{"line":6,"column":44},"end":{"line":8,"column":null}},"5":{"start":{"line":7,"column":4},"end":{"line":7,"column":54}},"6":{"start":{"line":6,"column":13},"end":{"line":6,"column":33}},"7":{"start":{"line":10,"column":36},"end":{"line":36,"column":null}},"8":{"start":{"line":10,"column":139},"end":{"line":36,"column":null}},"9":{"start":{"line":11,"column":4},"end":{"line":35,"column":5}},"10":{"start":{"line":12,"column":24},"end":{"line":16,"column":10}},"11":{"start":{"line":17,"column":29},"end":{"line":17,"column":93}},"12":{"start":{"line":20,"column":8},"end":{"line":20,"column":54}},"13":{"start":{"line":22,"column":8},"end":{"line":28,"column":11}},"14":{"start":{"line":30,"column":8},"end":{"line":30,"column":27}},"15":{"start":{"line":31,"column":8},"end":{"line":34,"column":10}},"16":{"start":{"line":10,"column":13},"end":{"line":10,"column":36}},"17":{"start":{"line":39,"column":43},"end":{"line":78,"column":null}},"18":{"start":{"line":39,"column":74},"end":{"line":78,"column":null}},"19":{"start":{"line":40,"column":4},"end":{"line":77,"column":5}},"20":{"start":{"line":43,"column":24},"end":{"line":43,"column":52}},"21":{"start":{"line":44,"column":21},"end":{"line":44,"column":43}},"22":{"start":{"line":47,"column":31},"end":{"line":53,"column":14}},"23":{"start":{"line":48,"column":12},"end":{"line":53,"column":14}},"24":{"start":{"line":49,"column":35},"end":{"line":49,"column":44}},"25":{"start":{"line":50,"column":16},"end":{"line":50,"column":74}},"26":{"start":{"line":50,"column":50},"end":{"line":50,"column":72}},"27":{"start":{"line":51,"column":16},"end":{"line":51,"column":43}},"28":{"start":{"line":52,"column":16},"end":{"line":52,"column":93}},"29":{"start":{"line":52,"column":39},"end":{"line":52,"column":91}},"30":{"start":{"line":55,"column":26},"end":{"line":55,"column":64}},"31":{"start":{"line":56,"column":22},"end":{"line":56,"column":43}},"32":{"start":{"line":57,"column":24},"end":{"line":57,"column":43}},"33":{"start":{"line":62,"column":35},"end":{"line":69,"column":10}},"34":{"start":{"line":63,"column":37},"end":{"line":63,"column":52}},"35":{"start":{"line":64,"column":32},"end":{"line":64,"column":34}},"36":{"start":{"line":65,"column":12},"end":{"line":67,"column":13}},"37":{"start":{"line":65,"column":25},"end":{"line":65,"column":26}},"38":{"start":{"line":66,"column":16},"end":{"line":66,"column":77}},"39":{"start":{"line":68,"column":12},"end":{"line":68,"column":23}},"40":{"start":{"line":71,"column":8},"end":{"line":71,"column":null}},"41":{"start":{"line":72,"column":8},"end":{"line":72,"column":24}},"42":{"start":{"line":75,"column":8},"end":{"line":75,"column":62}},"43":{"start":{"line":76,"column":8},"end":{"line":76,"column":20}},"44":{"start":{"line":39,"column":13},"end":{"line":39,"column":43}},"45":{"start":{"line":81,"column":33},"end":{"line":102,"column":2}},"46":{"start":{"line":81,"column":75},"end":{"line":102,"column":2}},"47":{"start":{"line":82,"column":4},"end":{"line":101,"column":5}},"48":{"start":{"line":84,"column":8},"end":{"line":84,"column":76}},"49":{"start":{"line":85,"column":8},"end":{"line":85,"column":67}},"50":{"start":{"line":87,"column":8},"end":{"line":100,"column":9}},"51":{"start":{"line":89,"column":39},"end":{"line":94,"column":21}},"52":{"start":{"line":95,"column":12},"end":{"line":95,"column":71}},"53":{"start":{"line":96,"column":12},"end":{"line":96,"column":77}},"54":{"start":{"line":98,"column":12},"end":{"line":98,"column":66}},"55":{"start":{"line":99,"column":12},"end":{"line":99,"column":24}},"56":{"start":{"line":81,"column":13},"end":{"line":81,"column":33}},"57":{"start":{"line":105,"column":35},"end":{"line":122,"column":null}},"58":{"start":{"line":105,"column":98},"end":{"line":122,"column":null}},"59":{"start":{"line":106,"column":4},"end":{"line":121,"column":5}},"60":{"start":{"line":107,"column":8},"end":{"line":107,"column":70}},"61":{"start":{"line":108,"column":23},"end":{"line":112,"column":10}},"62":{"start":{"line":113,"column":24},"end":{"line":113,"column":52}},"63":{"start":{"line":114,"column":8},"end":{"line":114,"column":31}},"64":{"start":{"line":115,"column":8},"end":{"line":115,"column":66}},"65":{"start":{"line":116,"column":8},"end":{"line":116,"column":20}},"66":{"start":{"line":119,"column":8},"end":{"line":119,"column":76}},"67":{"start":{"line":120,"column":8},"end":{"line":120,"column":20}},"68":{"start":{"line":105,"column":13},"end":{"line":105,"column":35}}},"fnMap":{"0":{"name":"(anonymous_7)","decl":{"start":{"line":6,"column":33},"end":{"line":6,"column":42}},"loc":{"start":{"line":6,"column":44},"end":{"line":8,"column":null}}},"1":{"name":"(anonymous_8)","decl":{"start":{"line":6,"column":44},"end":{"line":6,"column":null}},"loc":{"start":{"line":6,"column":44},"end":{"line":8,"column":1}}},"2":{"name":"(anonymous_9)","decl":{"start":{"line":10,"column":36},"end":{"line":10,"column":43}},"loc":{"start":{"line":10,"column":139},"end":{"line":36,"column":null}}},"3":{"name":"(anonymous_10)","decl":{"start":{"line":10,"column":139},"end":{"line":10,"column":null}},"loc":{"start":{"line":10,"column":139},"end":{"line":36,"column":1}}},"4":{"name":"(anonymous_11)","decl":{"start":{"line":39,"column":43},"end":{"line":39,"column":50}},"loc":{"start":{"line":39,"column":74},"end":{"line":78,"column":null}}},"5":{"name":"(anonymous_12)","decl":{"start":{"line":39,"column":74},"end":{"line":39,"column":null}},"loc":{"start":{"line":39,"column":74},"end":{"line":78,"column":1}}},"6":{"name":"(anonymous_13)","decl":{"start":{"line":47,"column":31},"end":{"line":47,"column":32}},"loc":{"start":{"line":48,"column":12},"end":{"line":53,"column":14}}},"7":{"name":"(anonymous_14)","decl":{"start":{"line":48,"column":24},"end":{"line":48,"column":25}},"loc":{"start":{"line":48,"column":44},"end":{"line":53,"column":13}}},"8":{"name":"(anonymous_15)","decl":{"start":{"line":50,"column":34},"end":{"line":50,"column":35}},"loc":{"start":{"line":50,"column":50},"end":{"line":50,"column":72}}},"9":{"name":"(anonymous_16)","decl":{"start":{"line":52,"column":33},"end":{"line":52,"column":36}},"loc":{"start":{"line":52,"column":39},"end":{"line":52,"column":91}}},"10":{"name":"(anonymous_17)","decl":{"start":{"line":62,"column":54},"end":{"line":62,"column":55}},"loc":{"start":{"line":62,"column":71},"end":{"line":69,"column":9}}},"11":{"name":"(anonymous_18)","decl":{"start":{"line":81,"column":33},"end":{"line":81,"column":40}},"loc":{"start":{"line":81,"column":75},"end":{"line":102,"column":2}}},"12":{"name":"(anonymous_19)","decl":{"start":{"line":81,"column":75},"end":{"line":81,"column":null}},"loc":{"start":{"line":81,"column":75},"end":{"line":102,"column":1}}},"13":{"name":"(anonymous_20)","decl":{"start":{"line":105,"column":35},"end":{"line":105,"column":42}},"loc":{"start":{"line":105,"column":98},"end":{"line":122,"column":null}}},"14":{"name":"(anonymous_21)","decl":{"start":{"line":105,"column":98},"end":{"line":105,"column":null}},"loc":{"start":{"line":105,"column":98},"end":{"line":122,"column":1}}}},"branchMap":{"0":{"loc":{"start":{"line":66,"column":41},"end":{"line":66,"column":76}},"type":"cond-expr","locations":[{"start":{"line":66,"column":53},"end":{"line":66,"column":69}},{"start":{"line":66,"column":72},"end":{"line":66,"column":76}}]},"1":{"loc":{"start":{"line":87,"column":8},"end":{"line":100,"column":9}},"type":"if","locations":[{"start":{"line":87,"column":8},"end":{"line":100,"column":9}},{"start":{"line":97,"column":15},"end":{"line":100,"column":9}}]},"2":{"loc":{"start":{"line":87,"column":12},"end":{"line":87,"column":43}},"type":"cond-expr","locations":[{"start":{"line":87,"column":27},"end":{"line":87,"column":29}},{"start":{"line":87,"column":27},"end":{"line":87,"column":43}}]},"3":{"loc":{"start":{"line":87,"column":12},"end":{"line":87,"column":29}},"type":"binary-expr","locations":[{"start":{"line":87,"column":12},"end":{"line":87,"column":29}},{"start":{"line":87,"column":27},"end":{"line":87,"column":29}}]}},"s":{"0":1,"1":1,"2":1,"3":1,"4":0,"5":0,"6":1,"7":1,"8":0,"9":0,"10":0,"11":0,"12":0,"13":0,"14":0,"15":0,"16":1,"17":1,"18":0,"19":0,"20":0,"21":0,"22":0,"23":0,"24":0,"25":0,"26":0,"27":0,"28":0,"29":0,"30":0,"31":0,"32":0,"33":0,"34":0,"35":0,"36":0,"37":0,"38":0,"39":0,"40":0,"41":0,"42":0,"43":0,"44":1,"45":1,"46":0,"47":0,"48":0,"49":0,"50":0,"51":0,"52":0,"53":0,"54":0,"55":0,"56":1,"57":1,"58":0,"59":0,"60":0,"61":0,"62":0,"63":0,"64":0,"65":0,"66":0,"67":0,"68":1},"f":{"0":0,"1":0,"2":0,"3":0,"4":0,"5":0,"6":0,"7":0,"8":0,"9":0,"10":0,"11":0,"12":0,"13":0,"14":0},"b":{"0":[0,0],"1":[0,0],"2":[0,0],"3":[0,0]}}
,"/Users/linhthusinh/Desktop/SideProject/lambda-project/src/lambda/get-secret-key-from-manager/index.ts": {"path":"/Users/linhthusinh/Desktop/SideProject/lambda-project/src/lambda/get-secret-key-from-manager/index.ts","statementMap":{"0":{"start":{"line":1,"column":0},"end":{"line":1,"column":null}},"1":{"start":{"line":7,"column":22},"end":{"line":7,"column":37}},"2":{"start":{"line":8,"column":24},"end":{"line":8,"column":78}},"3":{"start":{"line":10,"column":27},"end":{"line":23,"column":null}},"4":{"start":{"line":10,"column":38},"end":{"line":23,"column":null}},"5":{"start":{"line":11,"column":6},"end":{"line":22,"column":7}},"6":{"start":{"line":12,"column":27},"end":{"line":16,"column":null}},"7":{"start":{"line":18,"column":10},"end":{"line":18,"column":51}},"8":{"start":{"line":20,"column":10},"end":{"line":20,"column":58}},"9":{"start":{"line":21,"column":10},"end":{"line":21,"column":22}},"10":{"start":{"line":10,"column":14},"end":{"line":10,"column":27}},"11":{"start":{"line":25,"column":32},"end":{"line":33,"column":null}},"12":{"start":{"line":25,"column":50},"end":{"line":33,"column":null}},"13":{"start":{"line":26,"column":6},"end":{"line":32,"column":7}},"14":{"start":{"line":27,"column":26},"end":{"line":27,"column":44}},"15":{"start":{"line":28,"column":10},"end":{"line":28,"column":30}},"16":{"start":{"line":30,"column":10},"end":{"line":30,"column":64}},"17":{"start":{"line":31,"column":10},"end":{"line":31,"column":22}},"18":{"start":{"line":25,"column":15},"end":{"line":25,"column":32}}},"fnMap":{"0":{"name":"(anonymous_7)","decl":{"start":{"line":10,"column":27},"end":{"line":10,"column":36}},"loc":{"start":{"line":10,"column":38},"end":{"line":23,"column":null}}},"1":{"name":"(anonymous_8)","decl":{"start":{"line":10,"column":38},"end":{"line":10,"column":null}},"loc":{"start":{"line":10,"column":38},"end":{"line":23,"column":3}}},"2":{"name":"(anonymous_9)","decl":{"start":{"line":25,"column":32},"end":{"line":25,"column":39}},"loc":{"start":{"line":25,"column":50},"end":{"line":33,"column":null}}},"3":{"name":"(anonymous_10)","decl":{"start":{"line":25,"column":50},"end":{"line":25,"column":null}},"loc":{"start":{"line":25,"column":50},"end":{"line":33,"column":3}}}},"branchMap":{},"s":{"0":1,"1":1,"2":1,"3":1,"4":0,"5":0,"6":0,"7":0,"8":0,"9":0,"10":1,"11":1,"12":0,"13":0,"14":0,"15":0,"16":0,"17":0,"18":1},"f":{"0":0,"1":0,"2":0,"3":0},"b":{}}
,"/Users/linhthusinh/Desktop/SideProject/lambda-project/src/utils/cors.ts": {"path":"/Users/linhthusinh/Desktop/SideProject/lambda-project/src/utils/cors.ts","statementMap":{"0":{"start":{"line":1,"column":30},"end":{"line":12,"column":1}},"1":{"start":{"line":2,"column":6},"end":{"line":9,"column":null}},"2":{"start":{"line":1,"column":13},"end":{"line":1,"column":30}}},"fnMap":{"0":{"name":"(anonymous_0)","decl":{"start":{"line":1,"column":30},"end":{"line":1,"column":31}},"loc":{"start":{"line":1,"column":43},"end":{"line":12,"column":1}}}},"branchMap":{"0":{"loc":{"start":{"line":6,"column":49},"end":{"line":6,"column":99}},"type":"binary-expr","locations":[{"start":{"line":6,"column":49},"end":{"line":6,"column":72}},{"start":{"line":6,"column":76},"end":{"line":6,"column":99}}]}},"s":{"0":1,"1":0,"2":1},"f":{"0":0},"b":{"0":[0,0]}}
}
