TN:
SF:src/db/config.ts
FN:8,(anonymous_7)
FN:8,(anonymous_8)
FN:12,(anonymous_9)
FN:12,(anonymous_10)
FN:19,(anonymous_11)
FN:19,(anonymous_12)
FN:21,(anonymous_13)
FN:21,(anonymous_14)
FN:31,(anonymous_15)
FN:31,(anonymous_16)
FNF:10
FNH:0
FNDA:0,(anonymous_7)
FNDA:0,(anonymous_8)
FNDA:0,(anonymous_9)
FNDA:0,(anonymous_10)
FNDA:0,(anonymous_11)
FNDA:0,(anonymous_12)
FNDA:0,(anonymous_13)
FNDA:0,(anonymous_14)
FNDA:0,(anonymous_15)
FNDA:0,(anonymous_16)
DA:1,1
DA:3,1
DA:8,1
DA:9,0
DA:12,1
DA:13,0
DA:14,0
DA:16,0
DA:19,1
DA:20,0
DA:21,0
DA:22,0
DA:23,0
DA:31,1
DA:32,0
DA:33,0
DA:35,0
LF:17
LH:6
BRDA:13,0,0,0
BRDA:32,1,0,0
BRDA:32,1,1,0
BRF:3
BRH:0
end_of_record
TN:
SF:src/db/mocks/get-user-data-mock.ts
FNF:0
FNH:0
DA:1,1
LF:1
LH:1
BRF:0
BRH:0
end_of_record
TN:
SF:src/lambda/create-preurl-s3-update-status-uploading-lambda/index.ts
FN:11,(anonymous_7)
FN:11,(anonymous_8)
FN:43,(anonymous_9)
FN:46,(anonymous_10)
FNF:4
FNH:4
FNDA:4,(anonymous_7)
FNDA:4,(anonymous_8)
FNDA:1,(anonymous_9)
FNDA:31,(anonymous_10)
DA:1,1
DA:2,1
DA:5,1
DA:9,1
DA:11,4
DA:12,4
DA:13,4
DA:14,1
DA:15,1
DA:19,3
DA:20,1
DA:24,2
DA:28,3
DA:30,3
DA:31,1
DA:32,1
DA:33,1
DA:36,1
DA:38,1
DA:40,1
DA:43,1
DA:44,1
DA:47,31
DA:48,31
DA:49,31
DA:54,1
DA:56,1
DA:59,1
DA:67,1
DA:69,1
DA:72,1
DA:75,1
DA:83,1
DA:85,2
DA:86,2
LF:35
LH:35
BRDA:13,0,0,1
BRDA:13,0,1,3
BRDA:13,1,0,0
BRDA:13,1,1,4
BRDA:13,2,0,4
BRDA:13,2,1,4
BRDA:19,3,0,1
BRDA:19,3,1,2
BRDA:19,4,0,0
BRDA:19,4,1,3
BRDA:19,5,0,3
BRDA:19,5,1,3
BRDA:48,6,0,30
BRDA:48,6,1,1
BRF:14
BRH:12
end_of_record
TN:
SF:src/lambda/create-update-detele-search-dynamo-sqs-s3/connectAndUpdateDynamoDb.ts
FN:4,(anonymous_7)
FN:4,(anonymous_8)
FN:9,(anonymous_9)
FN:9,(anonymous_10)
FN:22,(anonymous_11)
FN:22,(anonymous_12)
FN:43,(anonymous_13)
FN:43,(anonymous_14)
FN:70,(anonymous_15)
FN:70,(anonymous_16)
FN:101,(anonymous_17)
FN:101,(anonymous_18)
FN:147,(anonymous_19)
FN:166,(anonymous_20)
FN:166,(anonymous_21)
FN:190,(anonymous_22)
FN:190,(anonymous_23)
FN:227,(anonymous_24)
FN:227,(anonymous_25)
FN:265,(anonymous_26)
FN:265,(anonymous_27)
FNF:21
FNH:0
FNDA:0,(anonymous_7)
FNDA:0,(anonymous_8)
FNDA:0,(anonymous_9)
FNDA:0,(anonymous_10)
FNDA:0,(anonymous_11)
FNDA:0,(anonymous_12)
FNDA:0,(anonymous_13)
FNDA:0,(anonymous_14)
FNDA:0,(anonymous_15)
FNDA:0,(anonymous_16)
FNDA:0,(anonymous_17)
FNDA:0,(anonymous_18)
FNDA:0,(anonymous_19)
FNDA:0,(anonymous_20)
FNDA:0,(anonymous_21)
FNDA:0,(anonymous_22)
FNDA:0,(anonymous_23)
FNDA:0,(anonymous_24)
FNDA:0,(anonymous_25)
FNDA:0,(anonymous_26)
FNDA:0,(anonymous_27)
DA:1,1
DA:4,1
DA:5,0
DA:9,1
DA:10,0
DA:11,0
DA:12,0
DA:13,0
DA:14,0
DA:16,0
DA:17,0
DA:22,1
DA:23,0
DA:24,0
DA:34,0
DA:35,0
DA:37,0
DA:38,0
DA:43,1
DA:44,0
DA:58,0
DA:59,0
DA:60,0
DA:62,0
DA:63,0
DA:64,0
DA:70,1
DA:71,0
DA:72,0
DA:73,0
DA:75,0
DA:76,0
DA:90,0
DA:91,0
DA:92,0
DA:94,0
DA:95,0
DA:101,1
DA:102,0
DA:103,0
DA:111,0
DA:113,0
DA:115,0
DA:139,0
DA:140,0
DA:142,0
DA:148,0
DA:151,0
DA:156,0
DA:157,0
DA:160,0
DA:161,0
DA:166,1
DA:167,0
DA:168,0
DA:180,0
DA:181,0
DA:184,0
DA:185,0
DA:190,1
DA:191,0
DA:192,0
DA:193,0
DA:194,0
DA:195,0
DA:196,0
DA:197,0
DA:200,0
DA:201,0
DA:203,0
DA:204,0
DA:205,0
DA:208,0
DA:217,0
DA:219,0
DA:221,0
DA:222,0
DA:227,1
DA:228,0
DA:229,0
DA:231,0
DA:232,0
DA:233,0
DA:234,0
DA:235,0
DA:236,0
DA:239,0
DA:240,0
DA:241,0
DA:242,0
DA:243,0
DA:245,0
DA:254,0
DA:257,0
DA:259,0
DA:260,0
DA:265,1
DA:266,0
DA:267,0
DA:268,0
DA:269,0
DA:270,0
DA:271,0
DA:272,0
DA:273,0
DA:274,0
DA:275,0
DA:278,0
DA:279,0
DA:280,0
DA:281,0
DA:282,0
DA:285,0
DA:294,0
DA:295,0
DA:296,0
DA:298,0
DA:300,0
DA:301,0
LF:119
LH:11
BRDA:63,0,0,0
BRDA:113,1,0,0
BRDA:113,1,1,0
BRDA:131,2,0,0
BRDA:131,2,1,0
BRDA:134,3,0,0
BRDA:134,3,1,0
BRDA:148,4,0,0
BRDA:148,4,1,0
BRDA:150,5,0,0
BRDA:150,5,1,0
BRDA:195,6,0,0
BRDA:195,7,0,0
BRDA:195,7,1,0
BRDA:203,8,0,0
BRDA:234,9,0,0
BRDA:234,10,0,0
BRDA:234,10,1,0
BRDA:241,11,0,0
BRDA:273,12,0,0
BRDA:273,13,0,0
BRDA:273,13,1,0
BRDA:280,14,0,0
BRF:23
BRH:0
end_of_record
TN:
SF:src/lambda/create-update-detele-search-dynamo-sqs-s3/connectAndUpdateS3.ts
FN:6,(anonymous_7)
FN:6,(anonymous_8)
FN:10,(anonymous_9)
FN:10,(anonymous_10)
FN:39,(anonymous_11)
FN:39,(anonymous_12)
FN:47,(anonymous_13)
FN:48,(anonymous_14)
FN:50,(anonymous_15)
FN:52,(anonymous_16)
FN:62,(anonymous_17)
FN:81,(anonymous_18)
FN:81,(anonymous_19)
FN:105,(anonymous_20)
FN:105,(anonymous_21)
FNF:15
FNH:0
FNDA:0,(anonymous_7)
FNDA:0,(anonymous_8)
FNDA:0,(anonymous_9)
FNDA:0,(anonymous_10)
FNDA:0,(anonymous_11)
FNDA:0,(anonymous_12)
FNDA:0,(anonymous_13)
FNDA:0,(anonymous_14)
FNDA:0,(anonymous_15)
FNDA:0,(anonymous_16)
FNDA:0,(anonymous_17)
FNDA:0,(anonymous_18)
FNDA:0,(anonymous_19)
FNDA:0,(anonymous_20)
FNDA:0,(anonymous_21)
DA:1,1
DA:2,1
DA:3,1
DA:6,1
DA:7,0
DA:10,1
DA:11,0
DA:12,0
DA:17,0
DA:20,0
DA:22,0
DA:30,0
DA:31,0
DA:39,1
DA:40,0
DA:43,0
DA:44,0
DA:47,0
DA:48,0
DA:49,0
DA:50,0
DA:51,0
DA:52,0
DA:55,0
DA:56,0
DA:57,0
DA:62,0
DA:63,0
DA:64,0
DA:65,0
DA:66,0
DA:68,0
DA:71,0
DA:72,0
DA:75,0
DA:76,0
DA:81,1
DA:82,0
DA:84,0
DA:85,0
DA:87,0
DA:89,0
DA:95,0
DA:96,0
DA:98,0
DA:99,0
DA:105,1
DA:106,0
DA:107,0
DA:108,0
DA:113,0
DA:114,0
DA:115,0
DA:116,0
DA:119,0
DA:120,0
LF:56
LH:8
BRDA:66,0,0,0
BRDA:66,0,1,0
BRDA:87,1,0,0
BRDA:87,1,1,0
BRDA:87,2,0,0
BRDA:87,2,1,0
BRDA:87,3,0,0
BRDA:87,3,1,0
BRF:8
BRH:0
end_of_record
TN:
SF:src/lambda/get-secret-key-from-manager/index.ts
FN:10,(anonymous_7)
FN:10,(anonymous_8)
FN:25,(anonymous_9)
FN:25,(anonymous_10)
FNF:4
FNH:0
FNDA:0,(anonymous_7)
FNDA:0,(anonymous_8)
FNDA:0,(anonymous_9)
FNDA:0,(anonymous_10)
DA:1,1
DA:7,1
DA:8,1
DA:10,1
DA:11,0
DA:12,0
DA:18,0
DA:20,0
DA:21,0
DA:25,1
DA:26,0
DA:27,0
DA:28,0
DA:30,0
DA:31,0
LF:15
LH:5
BRF:0
BRH:0
end_of_record
TN:
SF:src/utils/cors.ts
FN:1,(anonymous_0)
FNF:1
FNH:0
FNDA:0,(anonymous_0)
DA:1,1
DA:2,0
LF:2
LH:1
BRDA:6,0,0,0
BRDA:6,0,1,0
BRF:2
BRH:0
end_of_record
